<?xml version="1.0" encoding="UTF-8"?>
<!-- Generated by org.testng.reporters.JUnitReportReporter -->
<testsuite hostname="LPCAIQ1099" failures="0" tests="1" name="Tests.SoapXmlRequest" time="4.915" errors="0" timestamp="2024-05-18T19:07:03 EET" skipped="0">
  <testcase classname="Tests.SoapXmlRequest" name="ValidateSoapXML" time="4.915"/>
  <system-out/>
</testsuite> <!-- Tests.SoapXmlRequest -->
