<?xml version="1.0" encoding="UTF-8"?>
<!-- Generated by org.testng.reporters.JUnitReportReporter -->
<testsuite hostname="LPCAIQ1099" failures="0" tests="4" name="Tests.testsExamples" time="3.390" errors="0" timestamp="2024-02-29T13:54:33 EET" skipped="0">
  <testcase classname="Tests.testsExamples" name="Test_Patch" time="0.563"/>
  <system-out/>
  <testcase classname="Tests.testsExamples" name="Test_Post" time="0.483"/>
  <system-out/>
  <testcase classname="Tests.testsExamples" name="Test_Put" time="0.629"/>
  <system-out/>
  <testcase classname="Tests.testsExamples" name="Test_Delete" time="1.715"/>
  <system-out/>
</testsuite> <!-- Tests.testsExamples -->
