<?xml version="1.0" encoding="UTF-8"?>
<!-- Generated by org.testng.reporters.JUnitReportReporter -->
<testsuite hostname="LPCAIQ1099" failures="0" tests="5" name="Tests.RestJsonExamples" time="5.045" errors="0" timestamp="2024-05-18T19:06:45 EET" skipped="0">
  <testcase classname="Tests.RestJsonExamples" name="Test_Put" time="0.338"/>
  <system-out/>
  <testcase classname="Tests.RestJsonExamples" name="Test_Delete" time="3.776"/>
  <system-out/>
  <testcase classname="Tests.RestJsonExamples" name="Test_Patch" time="0.448"/>
  <system-out/>
  <testcase classname="Tests.RestJsonExamples" name="test_Get" time="0.133"/>
  <system-out/>
  <testcase classname="Tests.RestJsonExamples" name="Test_Post" time="0.350"/>
  <system-out/>
</testsuite> <!-- Tests.RestJsonExamples -->
